<?xml version="1.0" encoding="UTF-8"?>
<!-- Generated by org.testng.reporters.JUnitXMLReporter -->
<testsuite ignored="0" hostname="DESKTOP-JCSH58D" failures="1" tests="5" name="Test" time="44.966" errors="0" timestamp="2025-06-02T20:14:40 IST">
  <testcase classname="tests.TC_001_RegisterTest" name="registerTest" time="4.289">
    <failure type="java.lang.AssertionError" message="The following asserts failed:
	expected [false] but found [true]">
      <![CDATA[java.lang.AssertionError: The following asserts failed:
expected [false] but found [true]
at tests.TC_001_RegisterTest.registerTest(TC_001_RegisterTest.java:37)
at java.base/java.util.ArrayList.forEach(ArrayList.java:1511)
... Removed 29 stack frames]]>
    </failure>
  </testcase> <!-- registerTest -->
  <testcase classname="tests.TC_002_LoginTest" name="loginTest" time="2.413"/>
  <testcase classname="tests.TC_002_LoginTest" name="loginTest" time="2.086"/>
  <testcase classname="tests.TC_002_LoginTest" name="loginTest" time="1.952"/>
  <testcase classname="tests.TC_002_LoginTest" name="loginTest" time="1.96"/>
</testsuite> <!-- Test -->
